Sun Jun 24 21:32:04 2018       
+-----------------------------------------------------------------------------+
| NVIDIA-SMI 384.130                Driver Version: 384.130                   |
|-------------------------------+----------------------+----------------------+
| GPU  Name        Persistence-M| Bus-Id        Disp.A | Volatile Uncorr. ECC |
| Fan  Temp  Perf  Pwr:Usage/Cap|         Memory-Usage | GPU-Util  Compute M. |
|===============================+======================+======================|
|   0  TITAN X (Pascal)    Off  | 00000000:02:00.0 Off |                  N/A |
| 34%   60C    P2    75W / 250W |  11996MiB / 12189MiB |     27%      Default |
+-------------------------------+----------------------+----------------------+
|   1  TITAN X (Pascal)    Off  | 00000000:03:00.0 Off |                  N/A |
| 23%   30C    P8    16W / 250W |  11593MiB / 12189MiB |      0%      Default |
+-------------------------------+----------------------+----------------------+
|   2  TITAN X (Pascal)    Off  | 00000000:84:00.0 Off |                  N/A |
| 23%   30C    P8    16W / 250W |  11593MiB / 12189MiB |      0%      Default |
+-------------------------------+----------------------+----------------------+
|   3  TITAN X (Pascal)    Off  | 00000000:85:00.0 Off |                  N/A |
| 23%   29C    P8    16W / 250W |  11593MiB / 12189MiB |      0%      Default |
+-------------------------------+----------------------+----------------------+
                                                                               
+-----------------------------------------------------------------------------+
| Processes:                                                       GPU Memory |
|  GPU       PID   Type   Process name                             Usage      |
|=============================================================================|
|    0     12650      C   python                                     11986MiB |
|    1     12650      C   python                                     11583MiB |
|    2     12650      C   python                                     11583MiB |
|    3     12650      C   python                                     11583MiB |
+-----------------------------------------------------------------------------+
Sun Jun 24 21:33:01 2018       
+-----------------------------------------------------------------------------+
| NVIDIA-SMI 384.130                Driver Version: 384.130                   |
|-------------------------------+----------------------+----------------------+
| GPU  Name        Persistence-M| Bus-Id        Disp.A | Volatile Uncorr. ECC |
| Fan  Temp  Perf  Pwr:Usage/Cap|         Memory-Usage | GPU-Util  Compute M. |
|===============================+======================+======================|
|   0  TITAN X (Pascal)    Off  | 00000000:02:00.0 Off |                  N/A |
| 34%   59C    P2   113W / 250W |  12034MiB / 12189MiB |      8%      Default |
+-------------------------------+----------------------+----------------------+
|   1  TITAN X (Pascal)    Off  | 00000000:03:00.0 Off |                  N/A |
| 23%   29C    P8    16W / 250W |  11593MiB / 12189MiB |      0%      Default |
+-------------------------------+----------------------+----------------------+
|   2  TITAN X (Pascal)    Off  | 00000000:84:00.0 Off |                  N/A |
| 23%   30C    P8    16W / 250W |  11593MiB / 12189MiB |      0%      Default |
+-------------------------------+----------------------+----------------------+
|   3  TITAN X (Pascal)    Off  | 00000000:85:00.0 Off |                  N/A |
| 23%   28C    P8    16W / 250W |  11593MiB / 12189MiB |      0%      Default |
+-------------------------------+----------------------+----------------------+
                                                                               
+-----------------------------------------------------------------------------+
| Processes:                                                       GPU Memory |
|  GPU       PID   Type   Process name                             Usage      |
|=============================================================================|
|    0     12650      C   python                                     12024MiB |
|    1     12650      C   python                                     11583MiB |
|    2     12650      C   python                                     11583MiB |
|    3     12650      C   python                                     11583MiB |
+-----------------------------------------------------------------------------+
