2018年 06月 24日 星期日 16:46:01 CST
2018年 06月 24日 星期日 21:33:01 CST
2018年 06月 25日 星期一 01:00:01 CST
2018年 06月 26日 星期二 01:00:01 CST
2018年 06月 27日 星期三 01:00:01 CST
2018年 06月 28日 星期四 01:00:01 CST
2018年 06月 29日 星期五 01:00:01 CST
2018年 06月 30日 星期六 01:00:01 CST
2018年 07月 01日 星期日 01:00:01 CST
2018年 07月 02日 星期一 01:00:01 CST
2018年 07月 03日 星期二 01:00:01 CST
2018年 07月 04日 星期三 01:00:01 CST
2018年 07月 05日 星期四 01:00:01 CST
2018年 07月 06日 星期五 01:00:01 CST
2018年 07月 07日 星期六 01:00:01 CST
2018年 07月 08日 星期日 01:00:01 CST
2018年 07月 09日 星期一 01:00:01 CST
2018年 07月 10日 星期二 01:00:01 CST
2018年 07月 11日 星期三 01:00:01 CST
2018年 07月 12日 星期四 01:00:01 CST
2018年 07月 13日 星期五 01:00:02 CST
2018年 07月 14日 星期六 01:00:01 CST
2018年 07月 15日 星期日 01:00:01 CST
2018年 07月 16日 星期一 01:00:01 CST
2018年 07月 17日 星期二 01:00:01 CST
2018年 07月 18日 星期三 01:00:01 CST
2018年 07月 19日 星期四 01:00:01 CST
2018年 07月 20日 星期五 01:00:01 CST
2018年 07月 21日 星期六 01:00:01 CST
2018年 07月 22日 星期日 01:00:01 CST
2018年 07月 23日 星期一 01:00:01 CST
2018年 07月 24日 星期二 01:00:01 CST
2018年 07月 25日 星期三 01:00:01 CST
2018年 07月 26日 星期四 01:00:01 CST
2018年 07月 27日 星期五 01:00:01 CST
2018年 07月 28日 星期六 01:00:01 CST
2018年 07月 29日 星期日 01:00:01 CST
2018年 07月 30日 星期一 01:00:01 CST
2018年 07月 31日 星期二 01:00:01 CST
2018年 08月 01日 星期三 01:00:01 CST
2018年 08月 02日 星期四 01:00:01 CST
2018年 08月 03日 星期五 01:00:01 CST
2018年 08月 04日 星期六 01:00:01 CST
2018年 08月 05日 星期日 01:00:01 CST
2018年 08月 06日 星期一 01:00:01 CST
2018年 08月 07日 星期二 01:00:01 CST
2018年 08月 08日 星期三 01:00:01 CST
2018年 08月 09日 星期四 01:00:01 CST
2018年 08月 10日 星期五 01:00:01 CST
2018年 08月 11日 星期六 01:00:01 CST
2018年 08月 12日 星期日 01:00:01 CST
2018年 08月 13日 星期一 01:00:01 CST
2018年 08月 14日 星期二 01:00:01 CST
2018年 08月 15日 星期三 01:00:01 CST
2018年 08月 16日 星期四 01:00:01 CST
2018年 08月 17日 星期五 01:00:01 CST
2018年 08月 18日 星期六 01:00:01 CST
2018年 08月 19日 星期日 01:00:01 CST
2018年 08月 20日 星期一 01:00:01 CST
2018年 08月 21日 星期二 01:00:01 CST
2018年 08月 22日 星期三 01:00:01 CST
2018年 08月 23日 星期四 01:00:01 CST
2018年 08月 24日 星期五 01:00:01 CST
2018年 08月 25日 星期六 01:00:01 CST
2018年 08月 26日 星期日 01:00:01 CST
2018年 08月 27日 星期一 01:00:01 CST
2018年 08月 28日 星期二 01:00:01 CST
2018年 08月 29日 星期三 01:00:01 CST
2018年 08月 30日 星期四 01:00:02 CST
2018年 08月 31日 星期五 01:00:01 CST
2018年 09月 01日 星期六 01:00:01 CST
2018年 09月 02日 星期日 01:00:01 CST
2018年 09月 03日 星期一 01:00:01 CST
2018年 09月 04日 星期二 01:00:01 CST
2018年 09月 05日 星期三 01:00:01 CST
2018年 09月 06日 星期四 01:00:01 CST
2018年 09月 07日 星期五 01:00:01 CST
2018年 09月 08日 星期六 01:00:01 CST
2018年 09月 09日 星期日 01:00:01 CST
2018年 09月 10日 星期一 01:00:01 CST
2018年 09月 11日 星期二 01:00:01 CST
2018年 09月 12日 星期三 01:00:01 CST
2018年 09月 13日 星期四 01:00:01 CST
2018年 09月 14日 星期五 01:00:01 CST
2018年 09月 15日 星期六 01:00:01 CST
2018年 09月 16日 星期日 01:00:01 CST
2018年 09月 17日 星期一 01:00:01 CST
2018年 09月 18日 星期二 01:00:01 CST
2018年 09月 19日 星期三 01:00:01 CST
2018年 09月 20日 星期四 01:00:01 CST
2018年 09月 21日 星期五 01:00:01 CST
2018年 09月 22日 星期六 01:00:01 CST
2018年 09月 23日 星期日 01:00:01 CST
2018年 09月 24日 星期一 01:00:01 CST
2018年 09月 25日 星期二 01:00:01 CST
2018年 09月 26日 星期三 01:00:01 CST
2018年 09月 27日 星期四 01:00:01 CST
2018年 09月 28日 星期五 01:00:01 CST
2018年 09月 29日 星期六 01:00:01 CST
2018年 09月 30日 星期日 01:00:01 CST
2018年 10月 01日 星期一 01:00:01 CST
2018年 10月 02日 星期二 01:00:01 CST
2018年 10月 03日 星期三 01:00:01 CST
2018年 10月 04日 星期四 01:00:01 CST
2018年 10月 05日 星期五 01:00:01 CST
2018年 10月 06日 星期六 01:00:01 CST
2018年 10月 07日 星期日 01:00:01 CST
2018年 10月 08日 星期一 01:00:01 CST
2018年 10月 09日 星期二 01:00:01 CST
2018年 10月 10日 星期三 01:00:01 CST
2018年 10月 11日 星期四 01:00:01 CST
2018年 10月 12日 星期五 01:00:01 CST
2018年 10月 13日 星期六 01:00:01 CST
2018年 10月 14日 星期日 01:00:01 CST
2018年 10月 15日 星期一 01:00:01 CST
2018年 10月 16日 星期二 01:00:01 CST
2018年 10月 17日 星期三 01:00:01 CST
2018年 10月 18日 星期四 01:00:01 CST
2018年 10月 19日 星期五 01:00:01 CST
2018年 10月 20日 星期六 01:00:01 CST
2018年 10月 21日 星期日 01:00:01 CST
2018年 10月 22日 星期一 01:00:01 CST
2018年 10月 23日 星期二 01:00:01 CST
2018年 10月 24日 星期三 01:00:01 CST
2018年 10月 25日 星期四 01:00:01 CST
2018年 10月 26日 星期五 01:00:01 CST
2018年 10月 27日 星期六 01:00:01 CST
2018年 10月 28日 星期日 01:00:01 CST
2018年 10月 29日 星期一 01:00:01 CST
2018年 10月 30日 星期二 01:00:01 CST
2018年 10月 31日 星期三 01:00:01 CST
2018年 11月 01日 星期四 01:00:01 CST
2018年 11月 02日 星期五 01:00:01 CST
2018年 11月 03日 星期六 01:00:01 CST
2018年 11月 04日 星期日 01:00:01 CST
2018年 11月 05日 星期一 01:00:01 CST
2018年 11月 06日 星期二 01:00:01 CST
2018年 11月 07日 星期三 01:00:01 CST
2018年 11月 08日 星期四 01:00:01 CST
2018年 11月 09日 星期五 01:00:01 CST
2018年 11月 10日 星期六 01:00:01 CST
2018年 11月 11日 星期日 01:00:01 CST
2018年 11月 12日 星期一 01:00:01 CST
2018年 11月 13日 星期二 01:00:01 CST
2018年 11月 14日 星期三 01:00:01 CST
2018年 11月 15日 星期四 01:00:01 CST
2018年 11月 16日 星期五 01:00:01 CST
2018年 11月 17日 星期六 01:00:01 CST
2018年 11月 18日 星期日 01:00:01 CST
2018年 11月 19日 星期一 01:00:01 CST
2018年 11月 20日 星期二 01:00:01 CST
2018年 11月 21日 星期三 01:00:01 CST
2018年 11月 22日 星期四 01:00:01 CST
2018年 11月 23日 星期五 01:00:01 CST
2018年 11月 24日 星期六 01:00:01 CST
2018年 11月 25日 星期日 01:00:01 CST
2018年 11月 26日 星期一 01:00:01 CST
2018年 11月 27日 星期二 01:00:01 CST
2018年 11月 28日 星期三 01:00:01 CST
2018年 11月 29日 星期四 01:00:01 CST
2018年 11月 30日 星期五 01:00:01 CST
2018年 12月 01日 星期六 01:00:01 CST
2018年 12月 02日 星期日 01:00:01 CST
2018年 12月 03日 星期一 01:00:01 CST
2018年 12月 04日 星期二 01:00:01 CST
2018年 12月 05日 星期三 01:00:01 CST
2018年 12月 06日 星期四 01:00:01 CST
2018年 12月 07日 星期五 01:00:01 CST
2018年 12月 08日 星期六 01:00:01 CST
2018年 12月 09日 星期日 01:00:01 CST
2018年 12月 10日 星期一 01:00:01 CST
2018年 12月 11日 星期二 01:00:01 CST
2018年 12月 12日 星期三 01:00:01 CST
2018年 12月 13日 星期四 01:00:01 CST
2018年 12月 14日 星期五 01:00:01 CST
2018年 12月 15日 星期六 01:00:01 CST
2018年 12月 16日 星期日 01:00:01 CST
2018年 12月 17日 星期一 01:00:01 CST
2018年 12月 18日 星期二 01:00:01 CST
2018年 12月 19日 星期三 01:00:01 CST
2018年 12月 20日 星期四 01:00:01 CST
2018年 12月 21日 星期五 01:00:01 CST
2018年 12月 22日 星期六 01:00:01 CST
2018年 12月 23日 星期日 01:00:01 CST
2018年 12月 24日 星期一 01:00:01 CST
2018年 12月 25日 星期二 01:00:01 CST
2018年 12月 26日 星期三 01:00:01 CST
2018年 12月 27日 星期四 01:00:01 CST
2018年 12月 28日 星期五 01:00:01 CST
2018年 12月 29日 星期六 01:00:01 CST
2018年 12月 30日 星期日 01:00:01 CST
2018年 12月 31日 星期一 01:00:01 CST
2019年 01月 01日 星期二 01:00:01 CST
2019年 01月 02日 星期三 01:00:01 CST
2019年 01月 03日 星期四 01:00:01 CST
2019年 01月 04日 星期五 01:00:01 CST
2019年 01月 05日 星期六 01:00:01 CST
2019年 01月 06日 星期日 01:00:01 CST
2019年 01月 07日 星期一 01:00:01 CST
2019年 01月 08日 星期二 01:00:01 CST
2019年 01月 09日 星期三 01:00:01 CST
2019年 01月 10日 星期四 01:00:01 CST
2019年 01月 11日 星期五 01:00:01 CST
2019年 01月 12日 星期六 01:00:01 CST
2019年 01月 13日 星期日 01:00:01 CST
2019年 01月 14日 星期一 01:00:01 CST
2019年 01月 15日 星期二 01:00:02 CST
2019年 01月 16日 星期三 01:00:01 CST
2019年 01月 17日 星期四 01:00:01 CST
2019年 01月 18日 星期五 01:00:01 CST
2019年 01月 19日 星期六 01:00:01 CST
2019年 01月 20日 星期日 01:00:01 CST
2019年 01月 21日 星期一 01:00:01 CST
2019年 01月 22日 星期二 01:00:01 CST
2019年 01月 23日 星期三 01:00:01 CST
2019年 01月 24日 星期四 01:00:01 CST
2019年 01月 25日 星期五 01:00:01 CST
2019年 01月 26日 星期六 01:00:01 CST
2019年 01月 27日 星期日 01:00:01 CST
2019年 01月 28日 星期一 01:00:01 CST
2019年 01月 29日 星期二 01:00:01 CST
2019年 01月 30日 星期三 01:00:01 CST
2019年 01月 31日 星期四 01:00:01 CST
2019年 02月 01日 星期五 01:00:01 CST
2019年 02月 02日 星期六 01:00:01 CST
2019年 02月 03日 星期日 01:00:01 CST
2019年 02月 04日 星期一 01:00:01 CST
2019年 02月 05日 星期二 01:00:01 CST
2019年 02月 06日 星期三 01:00:01 CST
2019年 02月 07日 星期四 01:00:01 CST
2019年 02月 08日 星期五 01:00:01 CST
2019年 02月 09日 星期六 01:00:01 CST
2019年 02月 10日 星期日 01:00:01 CST
2019年 02月 11日 星期一 01:00:01 CST
2019年 02月 12日 星期二 01:00:01 CST
2019年 02月 13日 星期三 01:00:01 CST
2019年 02月 14日 星期四 01:00:01 CST
2019年 02月 15日 星期五 01:00:01 CST
2019年 02月 16日 星期六 01:00:01 CST
2019年 02月 17日 星期日 01:00:01 CST
2019年 02月 18日 星期一 01:00:01 CST
2019年 02月 19日 星期二 01:00:01 CST
2019年 02月 20日 星期三 01:00:01 CST
2019年 02月 21日 星期四 01:00:01 CST
2019年 02月 22日 星期五 01:00:01 CST
2019年 02月 23日 星期六 01:00:01 CST
2019年 02月 24日 星期日 01:00:01 CST
2019年 02月 25日 星期一 01:00:01 CST
2019年 02月 26日 星期二 01:00:01 CST
2019年 02月 27日 星期三 01:00:01 CST
2019年 02月 28日 星期四 01:00:01 CST
2019年 03月 01日 星期五 01:00:01 CST
2019年 03月 02日 星期六 01:00:01 CST
2019年 03月 03日 星期日 01:00:01 CST
2019年 03月 04日 星期一 01:00:01 CST
2019年 03月 05日 星期二 01:00:01 CST
2019年 03月 06日 星期三 01:00:01 CST
2019年 03月 07日 星期四 01:00:01 CST
2019年 03月 08日 星期五 01:00:01 CST
2019年 03月 09日 星期六 01:00:01 CST
2019年 03月 10日 星期日 01:00:01 CST
2019年 03月 11日 星期一 01:00:01 CST
2019年 03月 12日 星期二 01:00:01 CST
2019年 03月 13日 星期三 01:00:01 CST
2019年 03月 14日 星期四 01:00:01 CST
2019年 03月 15日 星期五 01:00:01 CST
2019年 03月 16日 星期六 01:00:01 CST
